<?xml version='1.0' encoding='utf-8'?>
<testsuites name="cocotb tests"><testsuite name="mux16test" errors="0" failures="0" skipped="0" tests="1" time="0.000" timestamp="2026-09-04T20:04:33.716021+00:00" hostname="jaccobs-mbp.lan"><testcase classname="mux16test" name="mux16tb" time="0.000"><properties><property name="cocotb" value="True" /><property name="random_seed" value="1788552273" /><property name="file" value="/Volumes/Projects/Nand2Tetris/Testing/01/Mux16/mux16test.py" /><property name="line" value="7" /><property name="sim_time_unit" value="ns" /><property name="sim_time_start" value="0.0" /><property name="sim_time_stop" value="4.0" /><property name="sim_time_duration" value="4.0" /><property name="sim_time_ratio" value="10986.475648476287" /></properties></testcase></testsuite></testsuites>