<?xml version='1.0' encoding='utf-8'?>
<testsuites name="cocotb tests"><testsuite name="dmux4tb" errors="0" failures="0" skipped="0" tests="1" time="0.001" timestamp="2026-09-05T23:25:37.581319+00:00" hostname="jaccobs-mbp.lan"><testcase classname="dmux4tb" name="dmuxtb" time="0.001"><properties><property name="cocotb" value="True" /><property name="random_seed" value="1788650737" /><property name="file" value="/Volumes/Projects/Nand2Tetris/Testing/01/DMux4-1/dmux4tb.py" /><property name="line" value="7" /><property name="sim_time_unit" value="ns" /><property name="sim_time_start" value="0.0" /><property name="sim_time_stop" value="4.0" /><property name="sim_time_duration" value="4.0" /><property name="sim_time_ratio" value="3870.1862140096932" /></properties></testcase></testsuite></testsuites>