<?xml version='1.0' encoding='utf-8'?>
<testsuites name="cocotb tests"><testsuite name="dmuxtb" errors="0" failures="0" skipped="0" tests="1" time="0.001" timestamp="2026-09-05T00:49:31.383127+00:00" hostname="jaccobs-mbp.lan"><testcase classname="dmuxtb" name="dmuxtb" time="0.001"><properties><property name="cocotb" value="True" /><property name="random_seed" value="1788569370" /><property name="file" value="/Volumes/Projects/Nand2Tetris/Testing/01/Dmux/dmuxtb.py" /><property name="line" value="7" /><property name="sim_time_unit" value="ns" /><property name="sim_time_start" value="0.0" /><property name="sim_time_stop" value="2.0" /><property name="sim_time_duration" value="2.0" /><property name="sim_time_ratio" value="3844.615999754192" /></properties></testcase></testsuite></testsuites>