<?xml version='1.0' encoding='utf-8'?>
<testsuites name="cocotb tests"><testsuite name="mux16b8tb" errors="0" failures="0" skipped="0" tests="1" time="0.003" timestamp="2026-09-05T00:17:46.615194+00:00" hostname="jaccobs-mbp.lan"><testcase classname="mux16b8tb" name="mux16b8" time="0.003"><properties><property name="cocotb" value="True" /><property name="random_seed" value="1788567466" /><property name="file" value="/Volumes/Projects/Nand2Tetris/Testing/01/Mux8-1-16bit/mux16b8tb.py" /><property name="line" value="7" /><property name="sim_time_unit" value="ns" /><property name="sim_time_start" value="0.0" /><property name="sim_time_stop" value="8.0" /><property name="sim_time_duration" value="8.0" /><property name="sim_time_ratio" value="2976.0985802893647" /></properties></testcase></testsuite></testsuites>