<?xml version='1.0' encoding='utf-8'?>
<testsuites name="cocotb tests"><testsuite name="or16tb" errors="0" failures="0" skipped="0" tests="1" time="0.000" timestamp="2026-09-04T18:24:51.131700+00:00" hostname="jaccobs-mbp.lan"><testcase classname="or16tb" name="Or16test" time="0.000"><properties><property name="cocotb" value="True" /><property name="random_seed" value="1788546291" /><property name="file" value="/Volumes/Projects/Nand2Tetris/Testing/01/Or16/or16tb.py" /><property name="line" value="7" /><property name="sim_time_unit" value="ns" /><property name="sim_time_start" value="0.0" /><property name="sim_time_stop" value="3.0" /><property name="sim_time_duration" value="3.0" /><property name="sim_time_ratio" value="7128.007128007344" /></properties></testcase></testsuite></testsuites>