<?xml version='1.0' encoding='utf-8'?>
<testsuites name="cocotb tests"><testsuite name="mux16b4tb" errors="0" failures="0" skipped="0" tests="1" time="0.002" timestamp="2026-09-05T00:01:23.127789+00:00" hostname="jaccobs-mbp.lan"><testcase classname="mux16b4tb" name="mux16b4" time="0.002"><properties><property name="cocotb" value="True" /><property name="random_seed" value="1788566482" /><property name="file" value="/Volumes/Projects/Nand2Tetris/Testing/01/Mux4-1-16bit/mux16b4tb.py" /><property name="line" value="7" /><property name="sim_time_unit" value="ns" /><property name="sim_time_start" value="0.0" /><property name="sim_time_stop" value="4.0" /><property name="sim_time_duration" value="4.0" /><property name="sim_time_ratio" value="2269.02077572141" /></properties></testcase></testsuite></testsuites>